<?xml version="1.0" encoding="UTF-8"?>
<testng-results ignored="0" total="1" passed="1" failed="0" skipped="0">
  <reporter-output>
  </reporter-output>
  <suite started-at="2025-11-12T17:21:27 IST" name="Default suite" finished-at="2025-11-12T17:21:40 IST" duration-ms="13017">
    <groups>
      <group name="cucumber">
        <method signature="AbstractTestNGCucumberTests.runScenario(io.cucumber.testng.PickleWrapper,io.cucumber.testng.FeatureWrapper)[pri:0, instance:com.runner.TestRunnerTestNG@44a7bfbc]" name="runScenario" class="io.cucumber.testng.AbstractTestNGCucumberTests"/>
      </group> <!-- cucumber -->
    </groups>
    <test started-at="2025-11-12T17:21:27 IST" name="Default test" finished-at="2025-11-12T17:21:40 IST" duration-ms="13017">
      <class name="com.runner.TestRunnerTestNG">
        <test-method is-config="true" signature="setUpClass(org.testng.ITestContext)[pri:0, instance:com.runner.TestRunnerTestNG@44a7bfbc]" started-at="2025-11-12T17:21:27 IST" name="setUpClass" finished-at="2025-11-12T17:21:29 IST" duration-ms="1500" status="PASS">
          <params>
            <param index="0">
              <value>
                <![CDATA[org.testng.TestRunner@3fc05ea2]]>
              </value>
            </param>
          </params>
          <reporter-output>
          </reporter-output>
        </test-method> <!-- setUpClass -->
        <test-method signature="runScenario(io.cucumber.testng.PickleWrapper,io.cucumber.testng.FeatureWrapper)[pri:0, instance:com.runner.TestRunnerTestNG@44a7bfbc]" started-at="2025-11-12T17:21:29 IST" name="runScenario" description="Runs Cucumber Scenarios" data-provider="scenarios" finished-at="2025-11-12T17:21:40 IST" duration-ms="11308" status="PASS">
          <params>
            <param index="0">
              <value>
                <![CDATA["Verify user can navigate from Rent dropdown  tp PG details page"]]>
              </value>
            </param>
            <param index="1">
              <value>
                <![CDATA["Validate PG navigation flow on MagicBricks"]]>
              </value>
            </param>
          </params>
          <reporter-output>
          </reporter-output>
        </test-method> <!-- runScenario -->
        <test-method is-config="true" signature="tearDownClass()[pri:0, instance:com.runner.TestRunnerTestNG@44a7bfbc]" started-at="2025-11-12T17:21:40 IST" name="tearDownClass" finished-at="2025-11-12T17:21:40 IST" duration-ms="93" status="PASS">
          <reporter-output>
          </reporter-output>
        </test-method> <!-- tearDownClass -->
      </class> <!-- com.runner.TestRunnerTestNG -->
    </test> <!-- Default test -->
  </suite> <!-- Default suite -->
</testng-results>
