<?xml version="1.0" encoding="UTF-8"?>
<!-- Generated by org.testng.reporters.JUnitReportReporter -->
<testsuite hostname="LIN-5CD53088LB" failures="0" tests="5" name="com.runner.TestRunnerTestNG" time="134.002" errors="0" timestamp="2025-11-13T18:00:14 IST" skipped="0">
  <testcase classname="com.runner.TestRunnerTestNG" name="runScenario" time="18.074"/>
  <testcase classname="com.runner.TestRunnerTestNG" name="runScenario" time="22.539"/>
  <testcase classname="com.runner.TestRunnerTestNG" name="runScenario" time="17.226"/>
  <testcase classname="com.runner.TestRunnerTestNG" name="runScenario" time="56.391"/>
  <testcase classname="com.runner.TestRunnerTestNG" name="runScenario" time="19.772"/>
</testsuite> <!-- com.runner.TestRunnerTestNG -->
