<?xml version="1.0" encoding="UTF-8"?>
<!-- Generated by org.testng.reporters.JUnitReportReporter -->
<testsuite hostname="LIN-5CD53088LB" failures="0" tests="7" name="com.runner.TestRunnerTestNG" time="139.678" errors="0" timestamp="2025-11-16T21:04:17 IST" skipped="0">
  <testcase classname="com.runner.TestRunnerTestNG" name="runScenario" time="15.434"/>
  <testcase classname="com.runner.TestRunnerTestNG" name="runScenario" time="33.175"/>
  <testcase classname="com.runner.TestRunnerTestNG" name="runScenario" time="14.600"/>
  <testcase classname="com.runner.TestRunnerTestNG" name="runScenario" time="15.659"/>
  <testcase classname="com.runner.TestRunnerTestNG" name="runScenario" time="32.169"/>
  <testcase classname="com.runner.TestRunnerTestNG" name="runScenario" time="14.804"/>
  <testcase classname="com.runner.TestRunnerTestNG" name="runScenario" time="13.837"/>
</testsuite> <!-- com.runner.TestRunnerTestNG -->
