<?xml version="1.0" encoding="UTF-8"?>
<!-- Generated by org.testng.reporters.JUnitReportReporter -->
<testsuite hostname="LIN-5CD53088LB" failures="0" tests="2" name="com.runner.TestRunnerTestNG" time="39.675" errors="0" timestamp="2025-11-15T20:41:13 IST" skipped="0">
  <testcase classname="com.runner.TestRunnerTestNG" name="runScenario" time="18.663"/>
  <testcase classname="com.runner.TestRunnerTestNG" name="runScenario" time="21.012"/>
</testsuite> <!-- com.runner.TestRunnerTestNG -->
