<?xml version="1.0" encoding="UTF-8"?>
<!-- Generated by org.testng.reporters.JUnitReportReporter -->
<testsuite hostname="LIN-5CD53088JR" failures="2" tests="2" name="com.runner.TestRunnerTestNG" time="19.453" errors="0" timestamp="2025-11-13T22:59:31 IST" skipped="0">
  <testcase classname="com.runner.TestRunnerTestNG" name="runScenario" time="10.182">
    <failure message="Locality not found at sheet 0, row 1 expected object to not be null" type="java.lang.AssertionError">
      <![CDATA[java.lang.AssertionError: Locality not found at sheet 0, row 1 expected object to not be null
at org.testng.Assert.fail(Assert.java:111)
at org.testng.Assert.assertNotNull(Assert.java:1496)
at com.StepDefinitionTestNG.Profile.user_enters_city_name_from_sheet_and_row(Profile.java:195)
at ✽.user enters city name from sheet 0 and row 1(file:///C:/training/SprintMagicbricks/MagicBricks/./src/test/resources/Features/Profile.feature:34)
]]>
    </failure>
  </testcase> <!-- runScenario -->
  <testcase classname="com.runner.TestRunnerTestNG" name="runScenario" time="9.271">
    <failure message="Locality not found at sheet 0, row 0 expected object to not be null" type="java.lang.AssertionError">
      <![CDATA[java.lang.AssertionError: Locality not found at sheet 0, row 0 expected object to not be null
at org.testng.Assert.fail(Assert.java:111)
at org.testng.Assert.assertNotNull(Assert.java:1496)
at com.StepDefinitionTestNG.Profile.user_enters_city_name_from_sheet_and_row(Profile.java:195)
at ✽.user enters city name from sheet 0 and row 0(file:///C:/training/SprintMagicbricks/MagicBricks/./src/test/resources/Features/Profile.feature:34)
]]>
    </failure>
  </testcase> <!-- runScenario -->
</testsuite> <!-- com.runner.TestRunnerTestNG -->
