<?xml version="1.0" encoding="UTF-8"?>
<!-- Generated by org.testng.reporters.JUnitReportReporter -->
<testsuite hostname="LIN-5CD53088JR" failures="0" tests="2" name="com.runner.TestRunnerTestNG" time="37.587" errors="2" timestamp="2025-11-14T18:08:14 IST" skipped="0">
  <testcase classname="com.runner.TestRunnerTestNG" name="runScenario" time="19.348">
    <error message="The step &#039;user enters the locality name from sheet 1 and 0&#039; is undefined.
You can implement this step using the snippet(s) below:

@When(&quot;user enters the locality name from sheet {int} and {int}&quot;)
public void user_enters_the_locality_name_from_sheet_and(Integer int1, Integer int2) {
    // Write code here that turns the phrase above into concrete actions
    throw new io.cucumber.java.PendingException();
}
" type="io.cucumber.testng.UndefinedStepException">
      <![CDATA[io.cucumber.testng.UndefinedStepException: The step 'user enters the locality name from sheet 1 and 0' is undefined.
You can implement this step using the snippet(s) below:

@When("user enters the locality name from sheet {int} and {int}")
public void user_enters_the_locality_name_from_sheet_and(Integer int1, Integer int2) {
    // Write code here that turns the phrase above into concrete actions
    throw new io.cucumber.java.PendingException();
}

at ✽.user enters the locality name from sheet 1 and 0(file:///C:/training/SprintMagicbricks/MagicBricks/./src/test/resources/Features/Profile.feature:66)
]]>
    </error>
  </testcase> <!-- runScenario -->
  <testcase classname="com.runner.TestRunnerTestNG" name="runScenario" time="18.239">
    <error message="The step &#039;user enters the locality name from sheet 1 and 1&#039; is undefined.
You can implement this step using the snippet(s) below:

@When(&quot;user enters the locality name from sheet {int} and {int}&quot;)
public void user_enters_the_locality_name_from_sheet_and(Integer int1, Integer int2) {
    // Write code here that turns the phrase above into concrete actions
    throw new io.cucumber.java.PendingException();
}
" type="io.cucumber.testng.UndefinedStepException">
      <![CDATA[io.cucumber.testng.UndefinedStepException: The step 'user enters the locality name from sheet 1 and 1' is undefined.
You can implement this step using the snippet(s) below:

@When("user enters the locality name from sheet {int} and {int}")
public void user_enters_the_locality_name_from_sheet_and(Integer int1, Integer int2) {
    // Write code here that turns the phrase above into concrete actions
    throw new io.cucumber.java.PendingException();
}

at ✽.user enters the locality name from sheet 1 and 1(file:///C:/training/SprintMagicbricks/MagicBricks/./src/test/resources/Features/Profile.feature:66)
]]>
    </error>
  </testcase> <!-- runScenario -->
</testsuite> <!-- com.runner.TestRunnerTestNG -->
