<?xml version="1.0" encoding="UTF-8"?>
<!-- Generated by org.testng.reporters.JUnitReportReporter -->
<testsuite hostname="LIN-5CD53088JR" failures="0" tests="3" name="com.runner.TestRunnerTestNG" time="19.833" errors="0" timestamp="2025-11-12T21:52:00 IST" skipped="0">
  <testcase classname="com.runner.TestRunnerTestNG" name="runScenario" time="11.426"/>
  <testcase classname="com.runner.TestRunnerTestNG" name="runScenario" time="1.606"/>
  <testcase classname="com.runner.TestRunnerTestNG" name="runScenario" time="6.801"/>
</testsuite> <!-- com.runner.TestRunnerTestNG -->
