<?xml version="1.0" encoding="UTF-8"?>
<!-- Generated by org.testng.reporters.JUnitReportReporter -->
<testsuite hostname="LIN-5CD53088LB" failures="0" tests="8" name="com.runner.TestRunnerTestNG" time="156.243" errors="0" timestamp="2025-11-17T20:39:10 IST" skipped="0">
  <testcase classname="com.runner.TestRunnerTestNG" name="runScenario" time="14.766"/>
  <testcase classname="com.runner.TestRunnerTestNG" name="runScenario" time="15.727"/>
  <testcase classname="com.runner.TestRunnerTestNG" name="runScenario" time="14.741"/>
  <testcase classname="com.runner.TestRunnerTestNG" name="runScenario" time="15.635"/>
  <testcase classname="com.runner.TestRunnerTestNG" name="runScenario" time="30.364"/>
  <testcase classname="com.runner.TestRunnerTestNG" name="runScenario" time="33.758"/>
  <testcase classname="com.runner.TestRunnerTestNG" name="runScenario" time="16.512"/>
  <testcase classname="com.runner.TestRunnerTestNG" name="runScenario" time="14.740"/>
</testsuite> <!-- com.runner.TestRunnerTestNG -->
