<html>
<head>
<title>TestNG:  Default test</title>
<link href="../testng.css" rel="stylesheet" type="text/css" />
<link href="../my-testng.css" rel="stylesheet" type="text/css" />

<style type="text/css">
.log { display: none;} 
.stack-trace { display: none;} 
</style>
<script type="text/javascript">
<!--
function flip(e) {
  current = e.style.display;
  if (current == 'block') {
    e.style.display = 'none';
    return 0;
  }
  else {
    e.style.display = 'block';
    return 1;
  }
}

function toggleBox(szDivId, elem, msg1, msg2)
{
  var res = -1;  if (document.getElementById) {
    res = flip(document.getElementById(szDivId));
  }
  else if (document.all) {
    // this is the way old msie versions work
    res = flip(document.all[szDivId]);
  }
  if(elem) {
    if(res == 0) elem.innerHTML = msg1; else elem.innerHTML = msg2;
  }

}

function toggleAllBoxes() {
  if (document.getElementsByTagName) {
    d = document.getElementsByTagName('div');
    for (i = 0; i < d.length; i++) {
      if (d[i].className == 'log') {
        flip(d[i]);
      }
    }
  }
}

// -->
</script>

</head>
<body>
<h2 align='center'>Default test</h2><table border='1' align="center">
<tr>
<td>Tests passed/Failed/Skipped:</td><td>2/5/0</td>
</tr><tr>
<td>Started on:</td><td>Fri Nov 14 21:55:45 IST 2025</td>
</tr>
<tr><td>Total time:</td><td>159 seconds (159871 ms)</td>
</tr><tr>
<td>Included groups:</td><td></td>
</tr><tr>
<td>Excluded groups:</td><td></td>
</tr>
</table><p/>
<small><i>(Hover the method name to see the test class name)</i></small><p/>
<table width='100%' border='1' class='invocation-failed'>
<tr><td colspan='4' align='center'><b>FAILED TESTS</b></td></tr>
<tr><td><b>Test method</b></td>
<td><b>Attribute(s)</b></td>
<td width="30%"><b>Exception</b></td>
<td width="10%"><b>Time (seconds)</b></td>
<td><b>Instance</b></td>
</tr>
<tr>
<td title='com.runner.TestRunnerTestNG.runScenario()'><b>runScenario</b><br>Test class: com.runner.TestRunnerTestNG<br>Test method: Runs Cucumber Scenarios<br>Parameters: "User cityPage", "Validate HomePage launch"</td>
<td><div><pre>java.lang.AssertionError: Locality not found at sheet 0, row 0 expected object to not be null
	at org.testng.Assert.fail(Assert.java:111)
	at org.testng.Assert.assertNotNull(Assert.java:1496)
	at com.stepdefinitiontestng.Profile.user_enters_city_name_from_sheet_and_row(Profile.java:107)
	at ✽.user enters city name from sheet 0 and row 0(file:///C:/Users/madhams/OneDrive%20-%20Capgemini/Desktop/Training/SprintMagicBricks/MagicBricks/./src/test/resources/com/Features/buy.feature:20)
</pre></div><a href='#' onClick='toggleBox("stack-trace1607277663", this, "Click to show all stack frames", "Click to hide stack frames")'>Click to show all stack frames</a>
<div class='stack-trace' id='stack-trace1607277663'><pre>java.lang.AssertionError: Locality not found at sheet 0, row 0 expected object to not be null
	at org.testng.Assert.fail(Assert.java:111)
	at org.testng.Assert.assertNotNull(Assert.java:1496)
	at com.stepdefinitiontestng.Profile.user_enters_city_name_from_sheet_and_row(Profile.java:107)
	at ✽.user enters city name from sheet 0 and row 0(file:///C:/Users/madhams/OneDrive%20-%20Capgemini/Desktop/Training/SprintMagicBricks/MagicBricks/./src/test/resources/com/Features/buy.feature:20)
</pre></div></td>
<td>12</td>
<td>com.runner.TestRunnerTestNG@1649b0e6</td></tr>
<tr>
<td title='com.runner.TestRunnerTestNG.runScenario()'><b>runScenario</b><br>Test class: com.runner.TestRunnerTestNG<br>Test method: Runs Cucumber Scenarios<br>Parameters: "User cityPage", "Validate HomePage launch"</td>
<td><div><pre>java.lang.AssertionError: Locality not found at sheet 0, row 1 expected object to not be null
	at org.testng.Assert.fail(Assert.java:111)
	at org.testng.Assert.assertNotNull(Assert.java:1496)
	at com.stepdefinitiontestng.Profile.user_enters_city_name_from_sheet_and_row(Profile.java:107)
	at ✽.user enters city name from sheet 0 and row 1(file:///C:/Users/madhams/OneDrive%20-%20Capgemini/Desktop/Training/SprintMagicBricks/MagicBricks/./src/test/resources/com/Features/buy.feature:20)
</pre></div><a href='#' onClick='toggleBox("stack-trace858965925", this, "Click to show all stack frames", "Click to hide stack frames")'>Click to show all stack frames</a>
<div class='stack-trace' id='stack-trace858965925'><pre>java.lang.AssertionError: Locality not found at sheet 0, row 1 expected object to not be null
	at org.testng.Assert.fail(Assert.java:111)
	at org.testng.Assert.assertNotNull(Assert.java:1496)
	at com.stepdefinitiontestng.Profile.user_enters_city_name_from_sheet_and_row(Profile.java:107)
	at ✽.user enters city name from sheet 0 and row 1(file:///C:/Users/madhams/OneDrive%20-%20Capgemini/Desktop/Training/SprintMagicBricks/MagicBricks/./src/test/resources/com/Features/buy.feature:20)
</pre></div></td>
<td>22</td>
<td>com.runner.TestRunnerTestNG@1649b0e6</td></tr>
<tr>
<td title='com.runner.TestRunnerTestNG.runScenario()'><b>runScenario</b><br>Test class: com.runner.TestRunnerTestNG<br>Test method: Runs Cucumber Scenarios<br>Parameters: "Click Buy and navigate to Villas in Bangalore", "Validate HomePage launch"</td>
<td><div><pre>java.lang.AssertionError: Failed to click Villa in Bangalore expected [true] but found [false]
	at org.testng.Assert.fail(Assert.java:111)
	at org.testng.Assert.failNotEquals(Assert.java:1590)
	at org.testng.Assert.assertTrue(Assert.java:57)
	at com.stepdefinitiontestng.Profile.i_click_on_villa_in_bangalore(Profile.java:77)
	at ✽.I click on Villa in Bangalore(file:///C:/Users/madhams/OneDrive%20-%20Capgemini/Desktop/Training/SprintMagicBricks/MagicBricks/./src/test/resources/com/Features/buy.feature:13)
</pre></div><a href='#' onClick='toggleBox("stack-trace948315053", this, "Click to show all stack frames", "Click to hide stack frames")'>Click to show all stack frames</a>
<div class='stack-trace' id='stack-trace948315053'><pre>java.lang.AssertionError: Failed to click Villa in Bangalore expected [true] but found [false]
	at org.testng.Assert.fail(Assert.java:111)
	at org.testng.Assert.failNotEquals(Assert.java:1590)
	at org.testng.Assert.assertTrue(Assert.java:57)
	at com.stepdefinitiontestng.Profile.i_click_on_villa_in_bangalore(Profile.java:77)
	at ✽.I click on Villa in Bangalore(file:///C:/Users/madhams/OneDrive%20-%20Capgemini/Desktop/Training/SprintMagicBricks/MagicBricks/./src/test/resources/com/Features/buy.feature:13)
</pre></div></td>
<td>41</td>
<td>com.runner.TestRunnerTestNG@1649b0e6</td></tr>
<tr>
<td title='com.runner.TestRunnerTestNG.runScenario()'><b>runScenario</b><br>Test class: com.runner.TestRunnerTestNG<br>Test method: Runs Cucumber Scenarios<br>Parameters: "User navigates to Ready-to-Move flats and clicks Post Property", "Validate HomePage launch"</td>
<td><div><pre>java.lang.AssertionError: Failed to click on Ready to Move option
	at com.stepdefinitiontestng.Profile.the_user_clicks_on_the_ready_to_move(Profile.java:144)
	at ✽.the user clicks on the Ready to Move(file:///C:/Users/madhams/OneDrive%20-%20Capgemini/Desktop/Training/SprintMagicBricks/MagicBricks/./src/test/resources/com/Features/buy.feature:34)
</pre></div><a href='#' onClick='toggleBox("stack-trace284427775", this, "Click to show all stack frames", "Click to hide stack frames")'>Click to show all stack frames</a>
<div class='stack-trace' id='stack-trace284427775'><pre>java.lang.AssertionError: Failed to click on Ready to Move option
	at com.stepdefinitiontestng.Profile.the_user_clicks_on_the_ready_to_move(Profile.java:144)
	at ✽.the user clicks on the Ready to Move(file:///C:/Users/madhams/OneDrive%20-%20Capgemini/Desktop/Training/SprintMagicBricks/MagicBricks/./src/test/resources/com/Features/buy.feature:34)
</pre></div></td>
<td>42</td>
<td>com.runner.TestRunnerTestNG@1649b0e6</td></tr>
<tr>
<td title='com.runner.TestRunnerTestNG.runScenario()'><b>runScenario</b><br>Test class: com.runner.TestRunnerTestNG<br>Test method: Runs Cucumber Scenarios<br>Parameters: "User navigates to the Rates and Trends", "Validate HomePage launch"</td>
<td><div><pre>org.openqa.selenium.NoSuchWindowException: no such window: target window already closed
from unknown error: web view not found
  (Session info: chrome=142.0.7444.162)
Build info: version: &apos;4.34.0&apos;, revision: &apos;707dcb4246*&apos;
System info: os.name: &apos;Windows 11&apos;, os.arch: &apos;amd64&apos;, os.version: &apos;10.0&apos;, java.version: &apos;23.0.2&apos;
Driver info: org.openqa.selenium.chrome.ChromeDriver
Command: [b9d8d73992a1e20914d36bd0a0a85f61, maximizeCurrentWindow {}]
Capabilities {acceptInsecureCerts: false, browserName: chrome, browserVersion: 142.0.7444.162, chrome: {chromedriverVersion: 142.0.7444.162 (c076baf266c..., userDataDir: C:\Users\madhams\AppData\Lo...}, fedcm:accounts: true, goog:chromeOptions: {debuggerAddress: localhost:61063}, goog:processID: 7768, networkConnectionEnabled: false, pageLoadStrategy: normal, platformName: windows, proxy: Proxy(), se:cdp: ws://localhost:61063/devtoo..., se:cdpVersion: 142.0.7444.162, setWindowRect: true, strictFileInteractability: false, timeouts: {implicit: 0, pageLoad: 300000, script: 30000}, unhandledPromptBehavior: dismiss and notify, webauthn:extension:credBlob: true, webauthn:extension:largeBlob: true, webauthn:extension:minPinLength: true, webauthn:extension:prf: true, webauthn:virtualAuthenticators: true}
Session ID: b9d8d73992a1e20914d36bd0a0a85f61
	at java.base/jdk.internal.reflect.DirectConstructorHandleAccessor.newInstance(DirectConstructorHandleAccessor.java:62)
	at java.base/java.lang.reflect.Constructor.newInstanceWithCaller(Constructor.java:501)
	at java.base/java.lang.reflect.Constructor.newInstance(Constructor.java:485)
	at org.openqa.selenium.remote.ErrorCodec.decode(ErrorCodec.java:167)
	at org.openqa.selenium.remote.codec.w3c.W3CHttpResponseCodec.decode(W3CHttpResponseCodec.java:138)
	at org.openqa.selenium.remote.codec.w3c.W3CHttpResponseCodec.decode(W3CHttpResponseCodec.java:50)
	at org.openqa.selenium.remote.HttpCommandExecutor.execute(HttpCommandExecutor.java:215)
	at org.openqa.selenium.remote.service.DriverCommandExecutor.invokeExecute(DriverCommandExecutor.java:216)
	at org.openqa.selenium.remote.service.DriverCommandExecutor.execute(DriverCommandExecutor.java:174)
	at org.openqa.selenium.remote.RemoteWebDriver.execute(RemoteWebDriver.java:544)
	at org.openqa.selenium.remote.RemoteWebDriver.execute(RemoteWebDriver.java:617)
	at org.openqa.selenium.remote.RemoteWebDriver.execute(RemoteWebDriver.java:621)
	at org.openqa.selenium.remote.RemoteWebDriver$RemoteWebDriverOptions$RemoteWindow.maximize(RemoteWebDriver.java:1047)
	at com.setup.BaseSteps.launchBrowser(BaseSteps.java:55)
	at com.stepdefinitiontestng.Hooks.beforeScenario(Hooks.java:47)
</pre></div><a href='#' onClick='toggleBox("stack-trace478124129", this, "Click to show all stack frames", "Click to hide stack frames")'>Click to show all stack frames</a>
<div class='stack-trace' id='stack-trace478124129'><pre>org.openqa.selenium.NoSuchWindowException: no such window: target window already closed
from unknown error: web view not found
  (Session info: chrome=142.0.7444.162)
Build info: version: &apos;4.34.0&apos;, revision: &apos;707dcb4246*&apos;
System info: os.name: &apos;Windows 11&apos;, os.arch: &apos;amd64&apos;, os.version: &apos;10.0&apos;, java.version: &apos;23.0.2&apos;
Driver info: org.openqa.selenium.chrome.ChromeDriver
Command: [b9d8d73992a1e20914d36bd0a0a85f61, maximizeCurrentWindow {}]
Capabilities {acceptInsecureCerts: false, browserName: chrome, browserVersion: 142.0.7444.162, chrome: {chromedriverVersion: 142.0.7444.162 (c076baf266c..., userDataDir: C:\Users\madhams\AppData\Lo...}, fedcm:accounts: true, goog:chromeOptions: {debuggerAddress: localhost:61063}, goog:processID: 7768, networkConnectionEnabled: false, pageLoadStrategy: normal, platformName: windows, proxy: Proxy(), se:cdp: ws://localhost:61063/devtoo..., se:cdpVersion: 142.0.7444.162, setWindowRect: true, strictFileInteractability: false, timeouts: {implicit: 0, pageLoad: 300000, script: 30000}, unhandledPromptBehavior: dismiss and notify, webauthn:extension:credBlob: true, webauthn:extension:largeBlob: true, webauthn:extension:minPinLength: true, webauthn:extension:prf: true, webauthn:virtualAuthenticators: true}
Session ID: b9d8d73992a1e20914d36bd0a0a85f61
	at java.base/jdk.internal.reflect.DirectConstructorHandleAccessor.newInstance(DirectConstructorHandleAccessor.java:62)
	at java.base/java.lang.reflect.Constructor.newInstanceWithCaller(Constructor.java:501)
	at java.base/java.lang.reflect.Constructor.newInstance(Constructor.java:485)
	at org.openqa.selenium.remote.ErrorCodec.decode(ErrorCodec.java:167)
	at org.openqa.selenium.remote.codec.w3c.W3CHttpResponseCodec.decode(W3CHttpResponseCodec.java:138)
	at org.openqa.selenium.remote.codec.w3c.W3CHttpResponseCodec.decode(W3CHttpResponseCodec.java:50)
	at org.openqa.selenium.remote.HttpCommandExecutor.execute(HttpCommandExecutor.java:215)
	at org.openqa.selenium.remote.service.DriverCommandExecutor.invokeExecute(DriverCommandExecutor.java:216)
	at org.openqa.selenium.remote.service.DriverCommandExecutor.execute(DriverCommandExecutor.java:174)
	at org.openqa.selenium.remote.RemoteWebDriver.execute(RemoteWebDriver.java:544)
	at org.openqa.selenium.remote.RemoteWebDriver.execute(RemoteWebDriver.java:617)
	at org.openqa.selenium.remote.RemoteWebDriver.execute(RemoteWebDriver.java:621)
	at org.openqa.selenium.remote.RemoteWebDriver$RemoteWebDriverOptions$RemoteWindow.maximize(RemoteWebDriver.java:1047)
	at com.setup.BaseSteps.launchBrowser(BaseSteps.java:55)
	at com.stepdefinitiontestng.Hooks.beforeScenario(Hooks.java:47)
</pre></div></td>
<td>9</td>
<td>com.runner.TestRunnerTestNG@1649b0e6</td></tr>
</table><p>
<table width='100%' border='1' class='invocation-passed'>
<tr><td colspan='4' align='center'><b>PASSED TESTS</b></td></tr>
<tr><td><b>Test method</b></td>
<td><b>Attribute(s)</b></td>
<td width="30%"><b>Exception</b></td>
<td width="10%"><b>Time (seconds)</b></td>
<td><b>Instance</b></td>
</tr>
<tr>
<td title='com.runner.TestRunnerTestNG.runScenario()'><b>runScenario</b><br>Test class: com.runner.TestRunnerTestNG<br>Test method: Runs Cucumber Scenarios<br>Parameters: "Verify that the HomePage is launched successfully", "Validate HomePage launch"</td>
<td></td>
<td>10</td>
<td>com.runner.TestRunnerTestNG@1649b0e6</td></tr>
<tr>
<td title='com.runner.TestRunnerTestNG.runScenario()'><b>runScenario</b><br>Test class: com.runner.TestRunnerTestNG<br>Test method: Runs Cucumber Scenarios<br>Parameters: "User navigates to the Rates and Trends", "Validate HomePage launch"</td>
<td></td>
<td>18</td>
<td>com.runner.TestRunnerTestNG@1649b0e6</td></tr>
</table><p>
</body>
</html>