<?xml version="1.0" encoding="UTF-8"?>
<!-- Generated by org.testng.reporters.JUnitXMLReporter -->
<testsuite ignored="0" hostname="LIN-5CD53086BP" failures="1" tests="2" name="Default test" time="8.085" errors="0" timestamp="2025-11-10T16:35:59 IST">
  <testcase classname="io.cucumber.testng.AbstractTestNGCucumberTests" name="runScenario" time="6.051"/>
  <testcase classname="io.cucumber.testng.AbstractTestNGCucumberTests" name="runScenario" time="0.18">
    <failure type="io.cucumber.testng.UndefinedStepException" message="The step &amp;apos;the user clicks on the &amp;quot;Buy&amp;quot; option&amp;apos; and 4 other step(s) are undefined.
You can implement these steps using the snippet(s) below:

@When(&amp;quot;the user clicks on the {string} option&amp;quot;)
public void the_user_clicks_on_the_option(String string) {
    // Write code here that turns the phrase above into concrete actions
    throw new io.cucumber.java.PendingException();
}
@When(&amp;quot;the user selects {string} from the dropdown&amp;quot;)
public void the_user_selects_from_the_dropdown(String string) {
    // Write code here that turns the phrase above into concrete actions
    throw new io.cucumber.java.PendingException();
}
@Then(&amp;quot;the villas for Sale page should be displayed&amp;quot;)
public void the_villas_for_sale_page_should_be_displayed() {
    // Write code here that turns the phrase above into concrete actions
    throw new io.cucumber.java.PendingException();
}
@Then(&amp;quot;the page title should contain {string}&amp;quot;)
public void the_page_title_should_contain(String string) {
    // Write code here that turns the phrase above into concrete actions
    throw new io.cucumber.java.PendingException();
}
@Then(&amp;quot;the user should see a list of villa properties displayed&amp;quot;)
public void the_user_should_see_a_list_of_villa_properties_displayed() {
    // Write code here that turns the phrase above into concrete actions
    throw new io.cucumber.java.PendingException();
}
">
      <![CDATA[io.cucumber.testng.UndefinedStepException: The step 'the user clicks on the "Buy" option' and 4 other step(s) are undefined.
You can implement these steps using the snippet(s) below:

@When("the user clicks on the {string} option")
public void the_user_clicks_on_the_option(String string) {
    // Write code here that turns the phrase above into concrete actions
    throw new io.cucumber.java.PendingException();
}
@When("the user selects {string} from the dropdown")
public void the_user_selects_from_the_dropdown(String string) {
    // Write code here that turns the phrase above into concrete actions
    throw new io.cucumber.java.PendingException();
}
@Then("the villas for Sale page should be displayed")
public void the_villas_for_sale_page_should_be_displayed() {
    // Write code here that turns the phrase above into concrete actions
    throw new io.cucumber.java.PendingException();
}
@Then("the page title should contain {string}")
public void the_page_title_should_contain(String string) {
    // Write code here that turns the phrase above into concrete actions
    throw new io.cucumber.java.PendingException();
}
@Then("the user should see a list of villa properties displayed")
public void the_user_should_see_a_list_of_villa_properties_displayed() {
    // Write code here that turns the phrase above into concrete actions
    throw new io.cucumber.java.PendingException();
}

at ✽.the user clicks on the "Buy" option(file:///C:/Users/madhams/OneDrive%20-%20Capgemini/Desktop/Training/SprintMagicBricks/MagicBricks/./src/test/resources/com/Features/buy.feature:11)
]]>
    </failure>
  </testcase> <!-- runScenario -->
</testsuite> <!-- Default test -->
