<?xml version="1.0" encoding="UTF-8"?>
<!-- Generated by org.testng.reporters.JUnitXMLReporter -->
<testsuite ignored="0" hostname="LIN-5CD53088JR" failures="2" tests="2" name="Default test" time="38.638" errors="0" timestamp="2025-11-14T18:08:14 IST">
  <testcase classname="io.cucumber.testng.AbstractTestNGCucumberTests" name="runScenario" time="19.348">
    <failure type="io.cucumber.testng.UndefinedStepException" message="The step &amp;apos;user enters the locality name from sheet 1 and 0&amp;apos; is undefined.
You can implement this step using the snippet(s) below:

@When(&amp;quot;user enters the locality name from sheet {int} and {int}&amp;quot;)
public void user_enters_the_locality_name_from_sheet_and(Integer int1, Integer int2) {
    // Write code here that turns the phrase above into concrete actions
    throw new io.cucumber.java.PendingException();
}
">
      <![CDATA[io.cucumber.testng.UndefinedStepException: The step 'user enters the locality name from sheet 1 and 0' is undefined.
You can implement this step using the snippet(s) below:

@When("user enters the locality name from sheet {int} and {int}")
public void user_enters_the_locality_name_from_sheet_and(Integer int1, Integer int2) {
    // Write code here that turns the phrase above into concrete actions
    throw new io.cucumber.java.PendingException();
}

at ✽.user enters the locality name from sheet 1 and 0(file:///C:/training/SprintMagicbricks/MagicBricks/./src/test/resources/Features/Profile.feature:66)
]]>
    </failure>
  </testcase> <!-- runScenario -->
  <testcase classname="io.cucumber.testng.AbstractTestNGCucumberTests" name="runScenario" time="18.239">
    <failure type="io.cucumber.testng.UndefinedStepException" message="The step &amp;apos;user enters the locality name from sheet 1 and 1&amp;apos; is undefined.
You can implement this step using the snippet(s) below:

@When(&amp;quot;user enters the locality name from sheet {int} and {int}&amp;quot;)
public void user_enters_the_locality_name_from_sheet_and(Integer int1, Integer int2) {
    // Write code here that turns the phrase above into concrete actions
    throw new io.cucumber.java.PendingException();
}
">
      <![CDATA[io.cucumber.testng.UndefinedStepException: The step 'user enters the locality name from sheet 1 and 1' is undefined.
You can implement this step using the snippet(s) below:

@When("user enters the locality name from sheet {int} and {int}")
public void user_enters_the_locality_name_from_sheet_and(Integer int1, Integer int2) {
    // Write code here that turns the phrase above into concrete actions
    throw new io.cucumber.java.PendingException();
}

at ✽.user enters the locality name from sheet 1 and 1(file:///C:/training/SprintMagicbricks/MagicBricks/./src/test/resources/Features/Profile.feature:66)
]]>
    </failure>
  </testcase> <!-- runScenario -->
</testsuite> <!-- Default test -->
