<?xml version="1.0" encoding="UTF-8"?>
<testng-results ignored="0" total="7" passed="7" failed="0" skipped="0">
  <reporter-output>
  </reporter-output>
  <suite started-at="2025-11-16T17:03:26 IST" name="Default suite" finished-at="2025-11-16T17:04:42 IST" duration-ms="75396">
    <groups>
      <group name="cucumber">
        <method signature="AbstractTestNGCucumberTests.runScenario(io.cucumber.testng.PickleWrapper,io.cucumber.testng.FeatureWrapper)[pri:0, instance:com.runner.TestRunnerTestNG@51f116b8]" name="runScenario" class="io.cucumber.testng.AbstractTestNGCucumberTests"/>
      </group> <!-- cucumber -->
    </groups>
    <test started-at="2025-11-16T17:03:26 IST" name="Default test" finished-at="2025-11-16T17:04:42 IST" duration-ms="75396">
      <class name="com.runner.TestRunnerTestNG">
        <test-method is-config="true" signature="setUpClass(org.testng.ITestContext)[pri:0, instance:com.runner.TestRunnerTestNG@51f116b8]" started-at="2025-11-16T17:03:26 IST" name="setUpClass" finished-at="2025-11-16T17:03:27 IST" duration-ms="1116" status="PASS">
          <params>
            <param index="0">
              <value>
                <![CDATA[org.testng.TestRunner@3d798e76]]>
              </value>
            </param>
          </params>
          <reporter-output>
          </reporter-output>
        </test-method> <!-- setUpClass -->
        <test-method signature="runScenario(io.cucumber.testng.PickleWrapper,io.cucumber.testng.FeatureWrapper)[pri:0, instance:com.runner.TestRunnerTestNG@51f116b8]" started-at="2025-11-16T17:03:27 IST" name="runScenario" description="Runs Cucumber Scenarios" data-provider="scenarios" finished-at="2025-11-16T17:03:39 IST" duration-ms="11397" status="PASS">
          <params>
            <param index="0">
              <value>
                <![CDATA["Navigate to first locality in New Delhi"]]>
              </value>
            </param>
            <param index="1">
              <value>
                <![CDATA["MagicBricks Navigation"]]>
              </value>
            </param>
          </params>
          <reporter-output>
          </reporter-output>
        </test-method> <!-- runScenario -->
        <test-method signature="runScenario(io.cucumber.testng.PickleWrapper,io.cucumber.testng.FeatureWrapper)[pri:0, instance:com.runner.TestRunnerTestNG@51f116b8]" started-at="2025-11-16T17:03:39 IST" name="runScenario" description="Runs Cucumber Scenarios" data-provider="scenarios" finished-at="2025-11-16T17:03:51 IST" duration-ms="12674" status="PASS">
          <params>
            <param index="0">
              <value>
                <![CDATA["validate locality details page contents"]]>
              </value>
            </param>
            <param index="1">
              <value>
                <![CDATA["MagicBricks Navigation"]]>
              </value>
            </param>
          </params>
          <reporter-output>
          </reporter-output>
        </test-method> <!-- runScenario -->
        <test-method signature="runScenario(io.cucumber.testng.PickleWrapper,io.cucumber.testng.FeatureWrapper)[pri:0, instance:com.runner.TestRunnerTestNG@51f116b8]" started-at="2025-11-16T17:03:51 IST" name="runScenario" description="Runs Cucumber Scenarios" data-provider="scenarios" finished-at="2025-11-16T17:03:59 IST" duration-ms="7292" status="PASS">
          <params>
            <param index="0">
              <value>
                <![CDATA["Validate price/sqft filter functionality on Localities in New Delhi page"]]>
              </value>
            </param>
            <param index="1">
              <value>
                <![CDATA["MagicBricks Navigation"]]>
              </value>
            </param>
          </params>
          <reporter-output>
          </reporter-output>
        </test-method> <!-- runScenario -->
        <test-method signature="runScenario(io.cucumber.testng.PickleWrapper,io.cucumber.testng.FeatureWrapper)[pri:0, instance:com.runner.TestRunnerTestNG@51f116b8]" started-at="2025-11-16T17:03:59 IST" name="runScenario" description="Runs Cucumber Scenarios" data-provider="scenarios" finished-at="2025-11-16T17:04:07 IST" duration-ms="7962" status="PASS">
          <params>
            <param index="0">
              <value>
                <![CDATA["Validate price/sqft filter functionality on Localities in New Delhi page"]]>
              </value>
            </param>
            <param index="1">
              <value>
                <![CDATA["MagicBricks Navigation"]]>
              </value>
            </param>
          </params>
          <reporter-output>
          </reporter-output>
        </test-method> <!-- runScenario -->
        <test-method signature="runScenario(io.cucumber.testng.PickleWrapper,io.cucumber.testng.FeatureWrapper)[pri:0, instance:com.runner.TestRunnerTestNG@51f116b8]" started-at="2025-11-16T17:04:07 IST" name="runScenario" description="Runs Cucumber Scenarios" data-provider="scenarios" finished-at="2025-11-16T17:04:19 IST" duration-ms="12309" status="PASS">
          <params>
            <param index="0">
              <value>
                <![CDATA["Validate Search box in Localities in New Delhi Page"]]>
              </value>
            </param>
            <param index="1">
              <value>
                <![CDATA["MagicBricks Navigation"]]>
              </value>
            </param>
          </params>
          <reporter-output>
          </reporter-output>
        </test-method> <!-- runScenario -->
        <test-method signature="runScenario(io.cucumber.testng.PickleWrapper,io.cucumber.testng.FeatureWrapper)[pri:0, instance:com.runner.TestRunnerTestNG@51f116b8]" started-at="2025-11-16T17:04:19 IST" name="runScenario" description="Runs Cucumber Scenarios" data-provider="scenarios" finished-at="2025-11-16T17:04:30 IST" duration-ms="10599" status="PASS">
          <params>
            <param index="0">
              <value>
                <![CDATA["Validate Search box in Localities in New Delhi Page"]]>
              </value>
            </param>
            <param index="1">
              <value>
                <![CDATA["MagicBricks Navigation"]]>
              </value>
            </param>
          </params>
          <reporter-output>
          </reporter-output>
        </test-method> <!-- runScenario -->
        <test-method signature="runScenario(io.cucumber.testng.PickleWrapper,io.cucumber.testng.FeatureWrapper)[pri:0, instance:com.runner.TestRunnerTestNG@51f116b8]" started-at="2025-11-16T17:04:30 IST" name="runScenario" description="Runs Cucumber Scenarios" data-provider="scenarios" finished-at="2025-11-16T17:04:41 IST" duration-ms="11522" status="PASS">
          <params>
            <param index="0">
              <value>
                <![CDATA["Validate Projects in New Delhi Page"]]>
              </value>
            </param>
            <param index="1">
              <value>
                <![CDATA["MagicBricks Navigation"]]>
              </value>
            </param>
          </params>
          <reporter-output>
          </reporter-output>
        </test-method> <!-- runScenario -->
        <test-method is-config="true" signature="tearDownClass()[pri:0, instance:com.runner.TestRunnerTestNG@51f116b8]" started-at="2025-11-16T17:04:41 IST" name="tearDownClass" finished-at="2025-11-16T17:04:42 IST" duration-ms="455" status="PASS">
          <reporter-output>
          </reporter-output>
        </test-method> <!-- tearDownClass -->
      </class> <!-- com.runner.TestRunnerTestNG -->
    </test> <!-- Default test -->
  </suite> <!-- Default suite -->
</testng-results>
