<?xml version="1.0" encoding="UTF-8"?>
<testng-results ignored="0" total="7" passed="7" failed="0" skipped="0">
  <reporter-output>
  </reporter-output>
  <suite started-at="2025-11-15T18:22:13 IST" name="Default suite" finished-at="2025-11-15T18:24:55 IST" duration-ms="161983">
    <groups>
      <group name="cucumber">
        <method signature="AbstractTestNGCucumberTests.runScenario(io.cucumber.testng.PickleWrapper,io.cucumber.testng.FeatureWrapper)[pri:0, instance:com.runner.TestRunnerTestNG@1649b0e6]" name="runScenario" class="io.cucumber.testng.AbstractTestNGCucumberTests"/>
      </group> <!-- cucumber -->
    </groups>
    <test started-at="2025-11-15T18:22:13 IST" name="Default test" finished-at="2025-11-15T18:24:55 IST" duration-ms="161983">
      <class name="com.runner.TestRunnerTestNG">
        <test-method is-config="true" signature="setUpClass(org.testng.ITestContext)[pri:0, instance:com.runner.TestRunnerTestNG@1649b0e6]" started-at="2025-11-15T18:22:13 IST" name="setUpClass" finished-at="2025-11-15T18:22:14 IST" duration-ms="1206" status="PASS">
          <params>
            <param index="0">
              <value>
                <![CDATA[org.testng.TestRunner@45c423b3]]>
              </value>
            </param>
          </params>
          <reporter-output>
          </reporter-output>
        </test-method> <!-- setUpClass -->
        <test-method signature="runScenario(io.cucumber.testng.PickleWrapper,io.cucumber.testng.FeatureWrapper)[pri:0, instance:com.runner.TestRunnerTestNG@1649b0e6]" started-at="2025-11-15T18:22:14 IST" name="runScenario" description="Runs Cucumber Scenarios" data-provider="scenarios" finished-at="2025-11-15T18:22:24 IST" duration-ms="9798" status="PASS">
          <params>
            <param index="0">
              <value>
                <![CDATA["Verify that the HomePage is launched successfully"]]>
              </value>
            </param>
            <param index="1">
              <value>
                <![CDATA["Validate HomePage launch"]]>
              </value>
            </param>
          </params>
          <reporter-output>
          </reporter-output>
        </test-method> <!-- runScenario -->
        <test-method signature="runScenario(io.cucumber.testng.PickleWrapper,io.cucumber.testng.FeatureWrapper)[pri:0, instance:com.runner.TestRunnerTestNG@1649b0e6]" started-at="2025-11-15T18:22:24 IST" name="runScenario" description="Runs Cucumber Scenarios" data-provider="scenarios" finished-at="2025-11-15T18:22:37 IST" duration-ms="12851" status="PASS">
          <params>
            <param index="0">
              <value>
                <![CDATA["Click Buy and navigate to Villas in Bangalore"]]>
              </value>
            </param>
            <param index="1">
              <value>
                <![CDATA["Validate HomePage launch"]]>
              </value>
            </param>
          </params>
          <reporter-output>
          </reporter-output>
        </test-method> <!-- runScenario -->
        <test-method signature="runScenario(io.cucumber.testng.PickleWrapper,io.cucumber.testng.FeatureWrapper)[pri:0, instance:com.runner.TestRunnerTestNG@1649b0e6]" started-at="2025-11-15T18:22:37 IST" name="runScenario" description="Runs Cucumber Scenarios" data-provider="scenarios" finished-at="2025-11-15T18:23:00 IST" duration-ms="23156" status="PASS">
          <params>
            <param index="0">
              <value>
                <![CDATA["User cityPage"]]>
              </value>
            </param>
            <param index="1">
              <value>
                <![CDATA["Validate HomePage launch"]]>
              </value>
            </param>
          </params>
          <reporter-output>
          </reporter-output>
        </test-method> <!-- runScenario -->
        <test-method signature="runScenario(io.cucumber.testng.PickleWrapper,io.cucumber.testng.FeatureWrapper)[pri:0, instance:com.runner.TestRunnerTestNG@1649b0e6]" started-at="2025-11-15T18:23:00 IST" name="runScenario" description="Runs Cucumber Scenarios" data-provider="scenarios" finished-at="2025-11-15T18:23:21 IST" duration-ms="21533" status="PASS">
          <params>
            <param index="0">
              <value>
                <![CDATA["User cityPage"]]>
              </value>
            </param>
            <param index="1">
              <value>
                <![CDATA["Validate HomePage launch"]]>
              </value>
            </param>
          </params>
          <reporter-output>
          </reporter-output>
        </test-method> <!-- runScenario -->
        <test-method signature="runScenario(io.cucumber.testng.PickleWrapper,io.cucumber.testng.FeatureWrapper)[pri:0, instance:com.runner.TestRunnerTestNG@1649b0e6]" started-at="2025-11-15T18:23:21 IST" name="runScenario" description="Runs Cucumber Scenarios" data-provider="scenarios" finished-at="2025-11-15T18:24:08 IST" duration-ms="47096" status="PASS">
          <params>
            <param index="0">
              <value>
                <![CDATA["User navigates to Ready-to-Move flats and clicks Post Property"]]>
              </value>
            </param>
            <param index="1">
              <value>
                <![CDATA["Validate HomePage launch"]]>
              </value>
            </param>
          </params>
          <reporter-output>
          </reporter-output>
        </test-method> <!-- runScenario -->
        <test-method signature="runScenario(io.cucumber.testng.PickleWrapper,io.cucumber.testng.FeatureWrapper)[pri:0, instance:com.runner.TestRunnerTestNG@1649b0e6]" started-at="2025-11-15T18:24:08 IST" name="runScenario" description="Runs Cucumber Scenarios" data-provider="scenarios" finished-at="2025-11-15T18:24:31 IST" duration-ms="22895" status="PASS">
          <params>
            <param index="0">
              <value>
                <![CDATA["User navigates to the Rates and Trends"]]>
              </value>
            </param>
            <param index="1">
              <value>
                <![CDATA["Validate HomePage launch"]]>
              </value>
            </param>
          </params>
          <reporter-output>
          </reporter-output>
        </test-method> <!-- runScenario -->
        <test-method signature="runScenario(io.cucumber.testng.PickleWrapper,io.cucumber.testng.FeatureWrapper)[pri:0, instance:com.runner.TestRunnerTestNG@1649b0e6]" started-at="2025-11-15T18:24:31 IST" name="runScenario" description="Runs Cucumber Scenarios" data-provider="scenarios" finished-at="2025-11-15T18:24:54 IST" duration-ms="22825" status="PASS">
          <params>
            <param index="0">
              <value>
                <![CDATA["User navigates to the Rates and Trends"]]>
              </value>
            </param>
            <param index="1">
              <value>
                <![CDATA["Validate HomePage launch"]]>
              </value>
            </param>
          </params>
          <reporter-output>
          </reporter-output>
        </test-method> <!-- runScenario -->
        <test-method is-config="true" signature="tearDownClass()[pri:0, instance:com.runner.TestRunnerTestNG@1649b0e6]" started-at="2025-11-15T18:24:54 IST" name="tearDownClass" finished-at="2025-11-15T18:24:55 IST" duration-ms="557" status="PASS">
          <reporter-output>
          </reporter-output>
        </test-method> <!-- tearDownClass -->
      </class> <!-- com.runner.TestRunnerTestNG -->
    </test> <!-- Default test -->
  </suite> <!-- Default suite -->
</testng-results>
