<?xml version="1.0" encoding="UTF-8"?>
<testng-results ignored="0" total="8" passed="8" failed="0" skipped="0">
  <reporter-output>
  </reporter-output>
  <suite started-at="2025-11-17T21:47:31 IST" name="Default suite" finished-at="2025-11-17T21:49:18 IST" duration-ms="107638">
    <groups>
      <group name="cucumber">
        <method signature="AbstractTestNGCucumberTests.runScenario(io.cucumber.testng.PickleWrapper,io.cucumber.testng.FeatureWrapper)[pri:0, instance:com.runner.TestRunnerTestNG@51f116b8]" name="runScenario" class="io.cucumber.testng.AbstractTestNGCucumberTests"/>
      </group> <!-- cucumber -->
    </groups>
    <test started-at="2025-11-17T21:47:31 IST" name="Default test" finished-at="2025-11-17T21:49:18 IST" duration-ms="107638">
      <class name="com.runner.TestRunnerTestNG">
        <test-method is-config="true" signature="setUpClass(org.testng.ITestContext)[pri:0, instance:com.runner.TestRunnerTestNG@51f116b8]" started-at="2025-11-17T21:47:31 IST" name="setUpClass" finished-at="2025-11-17T21:47:32 IST" duration-ms="1247" status="PASS">
          <params>
            <param index="0">
              <value>
                <![CDATA[org.testng.TestRunner@43b6cb1c]]>
              </value>
            </param>
          </params>
          <reporter-output>
          </reporter-output>
        </test-method> <!-- setUpClass -->
        <test-method signature="runScenario(io.cucumber.testng.PickleWrapper,io.cucumber.testng.FeatureWrapper)[pri:0, instance:com.runner.TestRunnerTestNG@51f116b8]" started-at="2025-11-17T21:47:32 IST" name="runScenario" description="Runs Cucumber Scenarios" data-provider="scenarios" finished-at="2025-11-17T21:47:48 IST" duration-ms="16007" status="PASS">
          <params>
            <param index="0">
              <value>
                <![CDATA["Navigate to first locality in New Delhi"]]>
              </value>
            </param>
            <param index="1">
              <value>
                <![CDATA["MagicBricks Navigation"]]>
              </value>
            </param>
          </params>
          <reporter-output>
          </reporter-output>
        </test-method> <!-- runScenario -->
        <test-method signature="runScenario(io.cucumber.testng.PickleWrapper,io.cucumber.testng.FeatureWrapper)[pri:0, instance:com.runner.TestRunnerTestNG@51f116b8]" started-at="2025-11-17T21:47:48 IST" name="runScenario" description="Runs Cucumber Scenarios" data-provider="scenarios" finished-at="2025-11-17T21:48:10 IST" duration-ms="22007" status="PASS">
          <params>
            <param index="0">
              <value>
                <![CDATA["validate locality details page contents"]]>
              </value>
            </param>
            <param index="1">
              <value>
                <![CDATA["MagicBricks Navigation"]]>
              </value>
            </param>
          </params>
          <reporter-output>
          </reporter-output>
        </test-method> <!-- runScenario -->
        <test-method signature="runScenario(io.cucumber.testng.PickleWrapper,io.cucumber.testng.FeatureWrapper)[pri:0, instance:com.runner.TestRunnerTestNG@51f116b8]" started-at="2025-11-17T21:48:10 IST" name="runScenario" description="Runs Cucumber Scenarios" data-provider="scenarios" finished-at="2025-11-17T21:48:20 IST" duration-ms="10244" status="PASS">
          <params>
            <param index="0">
              <value>
                <![CDATA["Validate price/sqft filter functionality on Localities in New Delhi page"]]>
              </value>
            </param>
            <param index="1">
              <value>
                <![CDATA["MagicBricks Navigation"]]>
              </value>
            </param>
          </params>
          <reporter-output>
          </reporter-output>
        </test-method> <!-- runScenario -->
        <test-method signature="runScenario(io.cucumber.testng.PickleWrapper,io.cucumber.testng.FeatureWrapper)[pri:0, instance:com.runner.TestRunnerTestNG@51f116b8]" started-at="2025-11-17T21:48:20 IST" name="runScenario" description="Runs Cucumber Scenarios" data-provider="scenarios" finished-at="2025-11-17T21:48:30 IST" duration-ms="9729" status="PASS">
          <params>
            <param index="0">
              <value>
                <![CDATA["Validate price/sqft filter functionality on Localities in New Delhi page"]]>
              </value>
            </param>
            <param index="1">
              <value>
                <![CDATA["MagicBricks Navigation"]]>
              </value>
            </param>
          </params>
          <reporter-output>
          </reporter-output>
        </test-method> <!-- runScenario -->
        <test-method signature="runScenario(io.cucumber.testng.PickleWrapper,io.cucumber.testng.FeatureWrapper)[pri:0, instance:com.runner.TestRunnerTestNG@51f116b8]" started-at="2025-11-17T21:48:30 IST" name="runScenario" description="Runs Cucumber Scenarios" data-provider="scenarios" finished-at="2025-11-17T21:48:42 IST" duration-ms="12329" status="PASS">
          <params>
            <param index="0">
              <value>
                <![CDATA["Validate Search box in Localities in New Delhi Page"]]>
              </value>
            </param>
            <param index="1">
              <value>
                <![CDATA["MagicBricks Navigation"]]>
              </value>
            </param>
          </params>
          <reporter-output>
          </reporter-output>
        </test-method> <!-- runScenario -->
        <test-method signature="runScenario(io.cucumber.testng.PickleWrapper,io.cucumber.testng.FeatureWrapper)[pri:0, instance:com.runner.TestRunnerTestNG@51f116b8]" started-at="2025-11-17T21:48:42 IST" name="runScenario" description="Runs Cucumber Scenarios" data-provider="scenarios" finished-at="2025-11-17T21:48:55 IST" duration-ms="12431" status="PASS">
          <params>
            <param index="0">
              <value>
                <![CDATA["Validate Search box in Localities in New Delhi Page"]]>
              </value>
            </param>
            <param index="1">
              <value>
                <![CDATA["MagicBricks Navigation"]]>
              </value>
            </param>
          </params>
          <reporter-output>
          </reporter-output>
        </test-method> <!-- runScenario -->
        <test-method signature="runScenario(io.cucumber.testng.PickleWrapper,io.cucumber.testng.FeatureWrapper)[pri:0, instance:com.runner.TestRunnerTestNG@51f116b8]" started-at="2025-11-17T21:48:55 IST" name="runScenario" description="Runs Cucumber Scenarios" data-provider="scenarios" finished-at="2025-11-17T21:49:08 IST" duration-ms="13584" status="PASS">
          <params>
            <param index="0">
              <value>
                <![CDATA["Validate Projects in New Delhi Page"]]>
              </value>
            </param>
            <param index="1">
              <value>
                <![CDATA["MagicBricks Navigation"]]>
              </value>
            </param>
          </params>
          <reporter-output>
          </reporter-output>
        </test-method> <!-- runScenario -->
        <test-method signature="runScenario(io.cucumber.testng.PickleWrapper,io.cucumber.testng.FeatureWrapper)[pri:0, instance:com.runner.TestRunnerTestNG@51f116b8]" started-at="2025-11-17T21:49:08 IST" name="runScenario" description="Runs Cucumber Scenarios" data-provider="scenarios" finished-at="2025-11-17T21:49:18 IST" duration-ms="9472" status="PASS">
          <params>
            <param index="0">
              <value>
                <![CDATA["User enters an invalid location in search box"]]>
              </value>
            </param>
            <param index="1">
              <value>
                <![CDATA["MagicBricks Navigation"]]>
              </value>
            </param>
          </params>
          <reporter-output>
          </reporter-output>
        </test-method> <!-- runScenario -->
        <test-method is-config="true" signature="tearDownClass()[pri:0, instance:com.runner.TestRunnerTestNG@51f116b8]" started-at="2025-11-17T21:49:18 IST" name="tearDownClass" finished-at="2025-11-17T21:49:18 IST" duration-ms="519" status="PASS">
          <reporter-output>
          </reporter-output>
        </test-method> <!-- tearDownClass -->
      </class> <!-- com.runner.TestRunnerTestNG -->
    </test> <!-- Default test -->
  </suite> <!-- Default suite -->
</testng-results>
