<?xml version="1.0" encoding="UTF-8"?>
<!-- Generated by org.testng.reporters.JUnitReportReporter -->
<testsuite hostname="LIN-5CD53086BP" failures="0" tests="7" name="com.runner.TestRunnerTestNG" time="160.154" errors="0" timestamp="2025-11-15T18:24:55 IST" skipped="0">
  <testcase classname="com.runner.TestRunnerTestNG" name="runScenario" time="22.895"/>
  <testcase classname="com.runner.TestRunnerTestNG" name="runScenario" time="21.533"/>
  <testcase classname="com.runner.TestRunnerTestNG" name="runScenario" time="22.825"/>
  <testcase classname="com.runner.TestRunnerTestNG" name="runScenario" time="23.156"/>
  <testcase classname="com.runner.TestRunnerTestNG" name="runScenario" time="47.096"/>
  <testcase classname="com.runner.TestRunnerTestNG" name="runScenario" time="9.798"/>
  <testcase classname="com.runner.TestRunnerTestNG" name="runScenario" time="12.851"/>
</testsuite> <!-- com.runner.TestRunnerTestNG -->
