<?xml version="1.0" encoding="UTF-8"?>
<!-- Generated by org.testng.reporters.JUnitReportReporter -->
<testsuite hostname="LIN-5CD53088L1" failures="0" tests="8" name="com.runner.TestRunnerTestNG" time="105.803" errors="0" timestamp="2025-11-17T21:49:18 IST" skipped="0">
  <testcase classname="com.runner.TestRunnerTestNG" name="runScenario" time="10.244"/>
  <testcase classname="com.runner.TestRunnerTestNG" name="runScenario" time="13.584"/>
  <testcase classname="com.runner.TestRunnerTestNG" name="runScenario" time="9.472"/>
  <testcase classname="com.runner.TestRunnerTestNG" name="runScenario" time="16.007"/>
  <testcase classname="com.runner.TestRunnerTestNG" name="runScenario" time="9.729"/>
  <testcase classname="com.runner.TestRunnerTestNG" name="runScenario" time="22.007"/>
  <testcase classname="com.runner.TestRunnerTestNG" name="runScenario" time="12.329"/>
  <testcase classname="com.runner.TestRunnerTestNG" name="runScenario" time="12.431"/>
</testsuite> <!-- com.runner.TestRunnerTestNG -->
