<?xml version="1.0" encoding="UTF-8"?>
<!-- Generated by org.testng.reporters.JUnitReportReporter -->
<testsuite hostname="LIN-5CD53086BP" failures="4" tests="7" name="com.runner.TestRunnerTestNG" time="158.053" errors="1" timestamp="2025-11-14T21:58:25 IST" skipped="0">
  <testcase classname="com.runner.TestRunnerTestNG" name="runScenario" time="12.763">
    <failure message="Locality not found at sheet 0, row 0 expected object to not be null" type="java.lang.AssertionError">
      <![CDATA[java.lang.AssertionError: Locality not found at sheet 0, row 0 expected object to not be null
at org.testng.Assert.fail(Assert.java:111)
at org.testng.Assert.assertNotNull(Assert.java:1496)
at com.stepdefinitiontestng.Profile.user_enters_city_name_from_sheet_and_row(Profile.java:107)
at ✽.user enters city name from sheet 0 and row 0(file:///C:/Users/madhams/OneDrive%20-%20Capgemini/Desktop/Training/SprintMagicBricks/MagicBricks/./src/test/resources/com/Features/buy.feature:20)
]]>
    </failure>
  </testcase> <!-- runScenario -->
  <testcase classname="com.runner.TestRunnerTestNG" name="runScenario" time="10.230"/>
  <testcase classname="com.runner.TestRunnerTestNG" name="runScenario" time="22.986">
    <failure message="Locality not found at sheet 0, row 1 expected object to not be null" type="java.lang.AssertionError">
      <![CDATA[java.lang.AssertionError: Locality not found at sheet 0, row 1 expected object to not be null
at org.testng.Assert.fail(Assert.java:111)
at org.testng.Assert.assertNotNull(Assert.java:1496)
at com.stepdefinitiontestng.Profile.user_enters_city_name_from_sheet_and_row(Profile.java:107)
at ✽.user enters city name from sheet 0 and row 1(file:///C:/Users/madhams/OneDrive%20-%20Capgemini/Desktop/Training/SprintMagicBricks/MagicBricks/./src/test/resources/com/Features/buy.feature:20)
]]>
    </failure>
  </testcase> <!-- runScenario -->
  <testcase classname="com.runner.TestRunnerTestNG" name="runScenario" time="41.495">
    <failure message="Failed to click Villa in Bangalore expected [true] but found [false]" type="java.lang.AssertionError">
      <![CDATA[java.lang.AssertionError: Failed to click Villa in Bangalore expected [true] but found [false]
at org.testng.Assert.fail(Assert.java:111)
at org.testng.Assert.failNotEquals(Assert.java:1590)
at org.testng.Assert.assertTrue(Assert.java:57)
at com.stepdefinitiontestng.Profile.i_click_on_villa_in_bangalore(Profile.java:77)
at ✽.I click on Villa in Bangalore(file:///C:/Users/madhams/OneDrive%20-%20Capgemini/Desktop/Training/SprintMagicBricks/MagicBricks/./src/test/resources/com/Features/buy.feature:13)
]]>
    </failure>
  </testcase> <!-- runScenario -->
  <testcase classname="com.runner.TestRunnerTestNG" name="runScenario" time="42.775">
    <failure message="Failed to click on Ready to Move option" type="java.lang.AssertionError">
      <![CDATA[java.lang.AssertionError: Failed to click on Ready to Move option
at com.stepdefinitiontestng.Profile.the_user_clicks_on_the_ready_to_move(Profile.java:144)
at ✽.the user clicks on the Ready to Move(file:///C:/Users/madhams/OneDrive%20-%20Capgemini/Desktop/Training/SprintMagicBricks/MagicBricks/./src/test/resources/com/Features/buy.feature:34)
]]>
    </failure>
  </testcase> <!-- runScenario -->
  <testcase classname="com.runner.TestRunnerTestNG" name="runScenario" time="18.710"/>
  <testcase classname="com.runner.TestRunnerTestNG" name="runScenario" time="9.094">
    <error message="no such window: target window already closed
from unknown error: web view not found
  (Session info: chrome=142.0.7444.162)
Build info: version: &#039;4.34.0&#039;, revision: &#039;707dcb4246*&#039;
System info: os.name: &#039;Windows 11&#039;, os.arch: &#039;amd64&#039;, os.version: &#039;10.0&#039;, java.version: &#039;23.0.2&#039;
Driver info: org.openqa.selenium.chrome.ChromeDriver
Command: [b9d8d73992a1e20914d36bd0a0a85f61, maximizeCurrentWindow {}]
Capabilities {acceptInsecureCerts: false, browserName: chrome, browserVersion: 142.0.7444.162, chrome: {chromedriverVersion: 142.0.7444.162 (c076baf266c..., userDataDir: C:\Users\madhams\AppData\Lo...}, fedcm:accounts: true, goog:chromeOptions: {debuggerAddress: localhost:61063}, goog:processID: 7768, networkConnectionEnabled: false, pageLoadStrategy: normal, platformName: windows, proxy: Proxy(), se:cdp: ws://localhost:61063/devtoo..., se:cdpVersion: 142.0.7444.162, setWindowRect: true, strictFileInteractability: false, timeouts: {implicit: 0, pageLoad: 300000, script: 30000}, unhandledPromptBehavior: dismiss and notify, webauthn:extension:credBlob: true, webauthn:extension:largeBlob: true, webauthn:extension:minPinLength: true, webauthn:extension:prf: true, webauthn:virtualAuthenticators: true}
Session ID: b9d8d73992a1e20914d36bd0a0a85f61" type="org.openqa.selenium.NoSuchWindowException">
      <![CDATA[org.openqa.selenium.NoSuchWindowException: no such window: target window already closed
from unknown error: web view not found
  (Session info: chrome=142.0.7444.162)
Build info: version: '4.34.0', revision: '707dcb4246*'
System info: os.name: 'Windows 11', os.arch: 'amd64', os.version: '10.0', java.version: '23.0.2'
Driver info: org.openqa.selenium.chrome.ChromeDriver
Command: [b9d8d73992a1e20914d36bd0a0a85f61, maximizeCurrentWindow {}]
Capabilities {acceptInsecureCerts: false, browserName: chrome, browserVersion: 142.0.7444.162, chrome: {chromedriverVersion: 142.0.7444.162 (c076baf266c..., userDataDir: C:\Users\madhams\AppData\Lo...}, fedcm:accounts: true, goog:chromeOptions: {debuggerAddress: localhost:61063}, goog:processID: 7768, networkConnectionEnabled: false, pageLoadStrategy: normal, platformName: windows, proxy: Proxy(), se:cdp: ws://localhost:61063/devtoo..., se:cdpVersion: 142.0.7444.162, setWindowRect: true, strictFileInteractability: false, timeouts: {implicit: 0, pageLoad: 300000, script: 30000}, unhandledPromptBehavior: dismiss and notify, webauthn:extension:credBlob: true, webauthn:extension:largeBlob: true, webauthn:extension:minPinLength: true, webauthn:extension:prf: true, webauthn:virtualAuthenticators: true}
Session ID: b9d8d73992a1e20914d36bd0a0a85f61
at java.base/jdk.internal.reflect.DirectConstructorHandleAccessor.newInstance(DirectConstructorHandleAccessor.java:62)
at java.base/java.lang.reflect.Constructor.newInstanceWithCaller(Constructor.java:501)
at java.base/java.lang.reflect.Constructor.newInstance(Constructor.java:485)
at org.openqa.selenium.remote.ErrorCodec.decode(ErrorCodec.java:167)
at org.openqa.selenium.remote.codec.w3c.W3CHttpResponseCodec.decode(W3CHttpResponseCodec.java:138)
at org.openqa.selenium.remote.codec.w3c.W3CHttpResponseCodec.decode(W3CHttpResponseCodec.java:50)
at org.openqa.selenium.remote.HttpCommandExecutor.execute(HttpCommandExecutor.java:215)
at org.openqa.selenium.remote.service.DriverCommandExecutor.invokeExecute(DriverCommandExecutor.java:216)
at org.openqa.selenium.remote.service.DriverCommandExecutor.execute(DriverCommandExecutor.java:174)
at org.openqa.selenium.remote.RemoteWebDriver.execute(RemoteWebDriver.java:544)
at org.openqa.selenium.remote.RemoteWebDriver.execute(RemoteWebDriver.java:617)
at org.openqa.selenium.remote.RemoteWebDriver.execute(RemoteWebDriver.java:621)
at org.openqa.selenium.remote.RemoteWebDriver$RemoteWebDriverOptions$RemoteWindow.maximize(RemoteWebDriver.java:1047)
at com.setup.BaseSteps.launchBrowser(BaseSteps.java:55)
at com.stepdefinitiontestng.Hooks.beforeScenario(Hooks.java:47)
]]>
    </error>
  </testcase> <!-- runScenario -->
</testsuite> <!-- com.runner.TestRunnerTestNG -->
