<?xml version="1.0" encoding="UTF-8"?>
<testng-results ignored="0" total="5" passed="5" failed="0" skipped="0">
  <reporter-output>
  </reporter-output>
  <suite started-at="2025-11-13T17:57:58 IST" name="Default suite" finished-at="2025-11-13T18:00:14 IST" duration-ms="135897">
    <groups>
      <group name="cucumber">
        <method signature="AbstractTestNGCucumberTests.runScenario(io.cucumber.testng.PickleWrapper,io.cucumber.testng.FeatureWrapper)[pri:0, instance:com.runner.TestRunnerTestNG@1649b0e6]" name="runScenario" class="io.cucumber.testng.AbstractTestNGCucumberTests"/>
      </group> <!-- cucumber -->
    </groups>
    <test started-at="2025-11-13T17:57:58 IST" name="Default test" finished-at="2025-11-13T18:00:14 IST" duration-ms="135897">
      <class name="com.runner.TestRunnerTestNG">
        <test-method is-config="true" signature="setUpClass(org.testng.ITestContext)[pri:0, instance:com.runner.TestRunnerTestNG@1649b0e6]" started-at="2025-11-13T17:57:58 IST" name="setUpClass" finished-at="2025-11-13T17:58:00 IST" duration-ms="1267" status="PASS">
          <params>
            <param index="0">
              <value>
                <![CDATA[org.testng.TestRunner@699e0bf0]]>
              </value>
            </param>
          </params>
          <reporter-output>
          </reporter-output>
        </test-method> <!-- setUpClass -->
        <test-method signature="runScenario(io.cucumber.testng.PickleWrapper,io.cucumber.testng.FeatureWrapper)[pri:0, instance:com.runner.TestRunnerTestNG@1649b0e6]" started-at="2025-11-13T17:58:00 IST" name="runScenario" description="Runs Cucumber Scenarios" data-provider="scenarios" finished-at="2025-11-13T17:58:22 IST" duration-ms="22539" status="PASS">
          <params>
            <param index="0">
              <value>
                <![CDATA["Verify that homepage loads successfully"]]>
              </value>
            </param>
            <param index="1">
              <value>
                <![CDATA["Home page load verification"]]>
              </value>
            </param>
          </params>
          <reporter-output>
          </reporter-output>
        </test-method> <!-- runScenario -->
        <test-method signature="runScenario(io.cucumber.testng.PickleWrapper,io.cucumber.testng.FeatureWrapper)[pri:0, instance:com.runner.TestRunnerTestNG@1649b0e6]" started-at="2025-11-13T17:58:22 IST" name="runScenario" description="Runs Cucumber Scenarios" data-provider="scenarios" finished-at="2025-11-13T17:58:42 IST" duration-ms="19772" status="PASS">
          <params>
            <param index="0">
              <value>
                <![CDATA["Navigate to East Facing Plot"]]>
              </value>
            </param>
            <param index="1">
              <value>
                <![CDATA["Home page load verification"]]>
              </value>
            </param>
          </params>
          <reporter-output>
          </reporter-output>
        </test-method> <!-- runScenario -->
        <test-method signature="runScenario(io.cucumber.testng.PickleWrapper,io.cucumber.testng.FeatureWrapper)[pri:0, instance:com.runner.TestRunnerTestNG@1649b0e6]" started-at="2025-11-13T17:58:42 IST" name="runScenario" description="Runs Cucumber Scenarios" data-provider="scenarios" finished-at="2025-11-13T17:59:38 IST" duration-ms="56391" status="PASS">
          <params>
            <param index="0">
              <value>
                <![CDATA["Entering datain the search bar and navigating to poperty details"]]>
              </value>
            </param>
            <param index="1">
              <value>
                <![CDATA["Home page load verification"]]>
              </value>
            </param>
          </params>
          <reporter-output>
          </reporter-output>
        </test-method> <!-- runScenario -->
        <test-method signature="runScenario(io.cucumber.testng.PickleWrapper,io.cucumber.testng.FeatureWrapper)[pri:0, instance:com.runner.TestRunnerTestNG@1649b0e6]" started-at="2025-11-13T17:59:38 IST" name="runScenario" description="Runs Cucumber Scenarios" data-provider="scenarios" finished-at="2025-11-13T17:59:55 IST" duration-ms="17226" status="PASS">
          <params>
            <param index="0">
              <value>
                <![CDATA["Select budget from Excel2"]]>
              </value>
            </param>
            <param index="1">
              <value>
                <![CDATA["Home page load verification"]]>
              </value>
            </param>
          </params>
          <reporter-output>
          </reporter-output>
        </test-method> <!-- runScenario -->
        <test-method signature="runScenario(io.cucumber.testng.PickleWrapper,io.cucumber.testng.FeatureWrapper)[pri:0, instance:com.runner.TestRunnerTestNG@1649b0e6]" started-at="2025-11-13T17:59:55 IST" name="runScenario" description="Runs Cucumber Scenarios" data-provider="scenarios" finished-at="2025-11-13T18:00:14 IST" duration-ms="18074" status="PASS">
          <params>
            <param index="0">
              <value>
                <![CDATA["Select budget from Excel2"]]>
              </value>
            </param>
            <param index="1">
              <value>
                <![CDATA["Home page load verification"]]>
              </value>
            </param>
          </params>
          <reporter-output>
          </reporter-output>
        </test-method> <!-- runScenario -->
        <test-method is-config="true" signature="tearDownClass()[pri:0, instance:com.runner.TestRunnerTestNG@1649b0e6]" started-at="2025-11-13T18:00:14 IST" name="tearDownClass" finished-at="2025-11-13T18:00:14 IST" duration-ms="537" status="PASS">
          <reporter-output>
          </reporter-output>
        </test-method> <!-- tearDownClass -->
      </class> <!-- com.runner.TestRunnerTestNG -->
    </test> <!-- Default test -->
  </suite> <!-- Default suite -->
</testng-results>
