<?xml version="1.0" encoding="UTF-8"?>
<testng-results ignored="0" total="3" passed="3" failed="0" skipped="0">
  <reporter-output>
  </reporter-output>
  <suite started-at="2025-11-12T21:51:39 IST" name="Default suite" finished-at="2025-11-12T21:52:00 IST" duration-ms="20891">
    <groups>
      <group name="cucumber">
        <method signature="AbstractTestNGCucumberTests.runScenario(io.cucumber.testng.PickleWrapper,io.cucumber.testng.FeatureWrapper)[pri:0, instance:com.runner.TestRunnerTestNG@1649b0e6]" name="runScenario" class="io.cucumber.testng.AbstractTestNGCucumberTests"/>
      </group> <!-- cucumber -->
    </groups>
    <test started-at="2025-11-12T21:51:39 IST" name="Default test" finished-at="2025-11-12T21:52:00 IST" duration-ms="20891">
      <class name="com.runner.TestRunnerTestNG">
        <test-method is-config="true" signature="setUpClass(org.testng.ITestContext)[pri:0, instance:com.runner.TestRunnerTestNG@1649b0e6]" started-at="2025-11-12T21:51:39 IST" name="setUpClass" finished-at="2025-11-12T21:51:40 IST" duration-ms="926" status="PASS">
          <params>
            <param index="0">
              <value>
                <![CDATA[org.testng.TestRunner@3baf6936]]>
              </value>
            </param>
          </params>
          <reporter-output>
          </reporter-output>
        </test-method> <!-- setUpClass -->
        <test-method signature="runScenario(io.cucumber.testng.PickleWrapper,io.cucumber.testng.FeatureWrapper)[pri:0, instance:com.runner.TestRunnerTestNG@1649b0e6]" started-at="2025-11-12T21:51:40 IST" name="runScenario" description="Runs Cucumber Scenarios" data-provider="scenarios" finished-at="2025-11-12T21:51:51 IST" duration-ms="11426" status="PASS">
          <params>
            <param index="0">
              <value>
                <![CDATA[""]]>
              </value>
            </param>
            <param index="1">
              <value>
                <![CDATA["validate MagicBricks website launch functionality"]]>
              </value>
            </param>
          </params>
          <reporter-output>
          </reporter-output>
        </test-method> <!-- runScenario -->
        <test-method signature="runScenario(io.cucumber.testng.PickleWrapper,io.cucumber.testng.FeatureWrapper)[pri:0, instance:com.runner.TestRunnerTestNG@1649b0e6]" started-at="2025-11-12T21:51:51 IST" name="runScenario" description="Runs Cucumber Scenarios" data-provider="scenarios" finished-at="2025-11-12T21:51:53 IST" duration-ms="1606" status="PASS">
          <params>
            <param index="0">
              <value>
                <![CDATA["To navigate to Interior Designers in Hyderabad"]]>
              </value>
            </param>
            <param index="1">
              <value>
                <![CDATA["validate MagicBricks website launch functionality"]]>
              </value>
            </param>
          </params>
          <reporter-output>
          </reporter-output>
        </test-method> <!-- runScenario -->
        <test-method signature="runScenario(io.cucumber.testng.PickleWrapper,io.cucumber.testng.FeatureWrapper)[pri:0, instance:com.runner.TestRunnerTestNG@1649b0e6]" started-at="2025-11-12T21:51:53 IST" name="runScenario" description="Runs Cucumber Scenarios" data-provider="scenarios" finished-at="2025-11-12T21:52:00 IST" duration-ms="6801" status="PASS">
          <params>
            <param index="0">
              <value>
                <![CDATA["To navigate to Interior Designers in bangalore"]]>
              </value>
            </param>
            <param index="1">
              <value>
                <![CDATA["validate MagicBricks website launch functionality"]]>
              </value>
            </param>
          </params>
          <reporter-output>
          </reporter-output>
        </test-method> <!-- runScenario -->
        <test-method is-config="true" signature="tearDownClass()[pri:0, instance:com.runner.TestRunnerTestNG@1649b0e6]" started-at="2025-11-12T21:52:00 IST" name="tearDownClass" finished-at="2025-11-12T21:52:00 IST" duration-ms="60" status="PASS">
          <reporter-output>
          </reporter-output>
        </test-method> <!-- tearDownClass -->
      </class> <!-- com.runner.TestRunnerTestNG -->
    </test> <!-- Default test -->
  </suite> <!-- Default suite -->
</testng-results>
