<?xml version="1.0" encoding="UTF-8"?>
<testng-results ignored="0" total="5" passed="1" failed="4" skipped="0">
  <reporter-output>
  </reporter-output>
  <suite started-at="2025-11-12T23:46:45 IST" name="Default suite" finished-at="2025-11-12T23:47:32 IST" duration-ms="47745">
    <groups>
      <group name="cucumber">
        <method signature="AbstractTestNGCucumberTests.runScenario(io.cucumber.testng.PickleWrapper,io.cucumber.testng.FeatureWrapper)[pri:0, instance:com.runner.TestRunnerTestNG@44a7bfbc]" name="runScenario" class="io.cucumber.testng.AbstractTestNGCucumberTests"/>
      </group> <!-- cucumber -->
    </groups>
    <test started-at="2025-11-12T23:46:45 IST" name="Default test" finished-at="2025-11-12T23:47:32 IST" duration-ms="47745">
      <class name="com.runner.TestRunnerTestNG">
        <test-method is-config="true" signature="setUpClass(org.testng.ITestContext)[pri:0, instance:com.runner.TestRunnerTestNG@44a7bfbc]" started-at="2025-11-12T23:46:45 IST" name="setUpClass" finished-at="2025-11-12T23:46:46 IST" duration-ms="1051" status="PASS">
          <params>
            <param index="0">
              <value>
                <![CDATA[org.testng.TestRunner@25673087]]>
              </value>
            </param>
          </params>
          <reporter-output>
          </reporter-output>
        </test-method> <!-- setUpClass -->
        <test-method signature="runScenario(io.cucumber.testng.PickleWrapper,io.cucumber.testng.FeatureWrapper)[pri:0, instance:com.runner.TestRunnerTestNG@44a7bfbc]" started-at="2025-11-12T23:46:46 IST" name="runScenario" description="Runs Cucumber Scenarios" data-provider="scenarios" finished-at="2025-11-12T23:46:53 IST" duration-ms="7056" status="PASS">
          <params>
            <param index="0">
              <value>
                <![CDATA["Verify user can navigate from Rent dropdown  tp PG details page"]]>
              </value>
            </param>
            <param index="1">
              <value>
                <![CDATA["Validate PG navigation flow on MagicBricks"]]>
              </value>
            </param>
          </params>
          <reporter-output>
          </reporter-output>
        </test-method> <!-- runScenario -->
        <test-method signature="runScenario(io.cucumber.testng.PickleWrapper,io.cucumber.testng.FeatureWrapper)[pri:0, instance:com.runner.TestRunnerTestNG@44a7bfbc]" started-at="2025-11-12T23:46:53 IST" name="runScenario" description="Runs Cucumber Scenarios" data-provider="scenarios" finished-at="2025-11-12T23:47:09 IST" duration-ms="16298" status="FAIL">
          <params>
            <param index="0">
              <value>
                <![CDATA["Validate user can filter PGs by Brand"]]>
              </value>
            </param>
            <param index="1">
              <value>
                <![CDATA["Validate PG navigation flow on MagicBricks"]]>
              </value>
            </param>
          </params>
          <exception class="org.openqa.selenium.ElementNotInteractableException">
            <message>
              <![CDATA[element not interactable
  (Session info: chrome=142.0.7444.135)
Build info: version: '4.34.0', revision: '707dcb4246*'
System info: os.name: 'Windows 11', os.arch: 'amd64', os.version: '10.0', java.version: '23.0.2'
Driver info: org.openqa.selenium.chrome.ChromeDriver
Command: [18e827e8ccd83409d8528f26cf27b404, clickElement {id=f.3EACB36F469DC72090E31EFAACC9AA54.d.D2EF4A0FC81FCF89B335D15DF2B66ABA.e.88}]
Capabilities {acceptInsecureCerts: false, browserName: chrome, browserVersion: 142.0.7444.135, chrome: {chromedriverVersion: 141.0.7390.78 (2b53b0e231fc..., userDataDir: C:\Users\v93\AppData\Local\...}, fedcm:accounts: true, goog:chromeOptions: {debuggerAddress: localhost:63995}, networkConnectionEnabled: false, pageLoadStrategy: normal, platformName: windows, proxy: Proxy(), se:cdp: ws://localhost:63995/devtoo..., se:cdpVersion: 142.0.7444.135, setWindowRect: true, strictFileInteractability: false, timeouts: {implicit: 0, pageLoad: 300000, script: 30000}, unhandledPromptBehavior: dismiss and notify, webauthn:extension:credBlob: true, webauthn:extension:largeBlob: true, webauthn:extension:minPinLength: true, webauthn:extension:prf: true, webauthn:virtualAuthenticators: true}
Element: [[ChromeDriver: chrome on windows (18e827e8ccd83409d8528f26cf27b404)] -> css selector: #propTypesRent1 > ul > li:nth-child(9) > a]
Session ID: 18e827e8ccd83409d8528f26cf27b404]]>
            </message>
            <full-stacktrace>
              <![CDATA[org.openqa.selenium.ElementNotInteractableException: element not interactable
  (Session info: chrome=142.0.7444.135)
Build info: version: '4.34.0', revision: '707dcb4246*'
System info: os.name: 'Windows 11', os.arch: 'amd64', os.version: '10.0', java.version: '23.0.2'
Driver info: org.openqa.selenium.chrome.ChromeDriver
Command: [18e827e8ccd83409d8528f26cf27b404, clickElement {id=f.3EACB36F469DC72090E31EFAACC9AA54.d.D2EF4A0FC81FCF89B335D15DF2B66ABA.e.88}]
Capabilities {acceptInsecureCerts: false, browserName: chrome, browserVersion: 142.0.7444.135, chrome: {chromedriverVersion: 141.0.7390.78 (2b53b0e231fc..., userDataDir: C:\Users\v93\AppData\Local\...}, fedcm:accounts: true, goog:chromeOptions: {debuggerAddress: localhost:63995}, networkConnectionEnabled: false, pageLoadStrategy: normal, platformName: windows, proxy: Proxy(), se:cdp: ws://localhost:63995/devtoo..., se:cdpVersion: 142.0.7444.135, setWindowRect: true, strictFileInteractability: false, timeouts: {implicit: 0, pageLoad: 300000, script: 30000}, unhandledPromptBehavior: dismiss and notify, webauthn:extension:credBlob: true, webauthn:extension:largeBlob: true, webauthn:extension:minPinLength: true, webauthn:extension:prf: true, webauthn:virtualAuthenticators: true}
Element: [[ChromeDriver: chrome on windows (18e827e8ccd83409d8528f26cf27b404)] -> css selector: #propTypesRent1 > ul > li:nth-child(9) > a]
Session ID: 18e827e8ccd83409d8528f26cf27b404
at java.base/jdk.internal.reflect.DirectConstructorHandleAccessor.newInstance(DirectConstructorHandleAccessor.java:62)
at java.base/java.lang.reflect.Constructor.newInstanceWithCaller(Constructor.java:501)
at java.base/java.lang.reflect.Constructor.newInstance(Constructor.java:485)
at org.openqa.selenium.remote.ErrorCodec.decode(ErrorCodec.java:167)
at org.openqa.selenium.remote.codec.w3c.W3CHttpResponseCodec.decode(W3CHttpResponseCodec.java:138)
at org.openqa.selenium.remote.codec.w3c.W3CHttpResponseCodec.decode(W3CHttpResponseCodec.java:50)
at org.openqa.selenium.remote.HttpCommandExecutor.execute(HttpCommandExecutor.java:215)
at org.openqa.selenium.remote.service.DriverCommandExecutor.invokeExecute(DriverCommandExecutor.java:216)
at org.openqa.selenium.remote.service.DriverCommandExecutor.execute(DriverCommandExecutor.java:174)
at org.openqa.selenium.remote.RemoteWebDriver.execute(RemoteWebDriver.java:544)
at org.openqa.selenium.remote.RemoteWebElement.execute(RemoteWebElement.java:223)
at org.openqa.selenium.remote.RemoteWebElement.click(RemoteWebElement.java:76)
at java.base/jdk.internal.reflect.DirectMethodHandleAccessor.invoke(DirectMethodHandleAccessor.java:103)
at java.base/java.lang.reflect.Method.invoke(Method.java:580)
at org.openqa.selenium.support.pagefactory.internal.LocatingElementHandler.invoke(LocatingElementHandler.java:51)
at jdk.proxy2/jdk.proxy2.$Proxy23.click(Unknown Source)
at com.pages.PGPage.clickHostelsinBglr(PGPage.java:40)
at com.stepDefinitionTestNG.ProfilePG.the_user_clicks_on_the_pg(ProfilePG.java:34)
at ✽.the user clicks on the Hostels in Bangalore option(file:///C:/Training/MagicBricksSprintImp/MagicBricks/src/test/resources/Features/Login.feature:13)
]]>
            </full-stacktrace>
          </exception> <!-- org.openqa.selenium.ElementNotInteractableException -->
          <reporter-output>
          </reporter-output>
        </test-method> <!-- runScenario -->
        <test-method signature="runScenario(io.cucumber.testng.PickleWrapper,io.cucumber.testng.FeatureWrapper)[pri:0, instance:com.runner.TestRunnerTestNG@44a7bfbc]" started-at="2025-11-12T23:47:09 IST" name="runScenario" description="Runs Cucumber Scenarios" data-provider="scenarios" finished-at="2025-11-12T23:47:16 IST" duration-ms="7308" status="FAIL">
          <params>
            <param index="0">
              <value>
                <![CDATA["Validate user can search PGs in different locations"]]>
              </value>
            </param>
            <param index="1">
              <value>
                <![CDATA["Validate PG navigation flow on MagicBricks"]]>
              </value>
            </param>
          </params>
          <exception class="java.lang.NullPointerException">
            <message>
              <![CDATA[Cannot invoke "java.util.Properties.getProperty(String)" because "props" is null]]>
            </message>
            <full-stacktrace>
              <![CDATA[java.lang.NullPointerException: Cannot invoke "java.util.Properties.getProperty(String)" because "props" is null
at com.parameters.PropertyReader.getProperty(PropertyReader.java:43)
at com.stepDefinitionTestNG.ProfileLoc.the_user_enters_pg_locality_from_sheet_and_row(ProfileLoc.java:33)
at ✽.the user enters PG locality from sheet 0 and row 0(file:///C:/Training/MagicBricksSprintImp/MagicBricks/src/test/resources/Features/Login.feature:24)
]]>
            </full-stacktrace>
          </exception> <!-- java.lang.NullPointerException -->
          <reporter-output>
          </reporter-output>
        </test-method> <!-- runScenario -->
        <test-method signature="runScenario(io.cucumber.testng.PickleWrapper,io.cucumber.testng.FeatureWrapper)[pri:0, instance:com.runner.TestRunnerTestNG@44a7bfbc]" started-at="2025-11-12T23:47:16 IST" name="runScenario" description="Runs Cucumber Scenarios" data-provider="scenarios" finished-at="2025-11-12T23:47:24 IST" duration-ms="7928" status="FAIL">
          <params>
            <param index="0">
              <value>
                <![CDATA["Validate user can search PGs in different locations"]]>
              </value>
            </param>
            <param index="1">
              <value>
                <![CDATA["Validate PG navigation flow on MagicBricks"]]>
              </value>
            </param>
          </params>
          <exception class="java.lang.NullPointerException">
            <message>
              <![CDATA[Cannot invoke "java.util.Properties.getProperty(String)" because "props" is null]]>
            </message>
            <full-stacktrace>
              <![CDATA[java.lang.NullPointerException: Cannot invoke "java.util.Properties.getProperty(String)" because "props" is null
at com.parameters.PropertyReader.getProperty(PropertyReader.java:43)
at com.stepDefinitionTestNG.ProfileLoc.the_user_enters_pg_locality_from_sheet_and_row(ProfileLoc.java:33)
at ✽.the user enters PG locality from sheet 0 and row 1(file:///C:/Training/MagicBricksSprintImp/MagicBricks/src/test/resources/Features/Login.feature:24)
]]>
            </full-stacktrace>
          </exception> <!-- java.lang.NullPointerException -->
          <reporter-output>
          </reporter-output>
        </test-method> <!-- runScenario -->
        <test-method signature="runScenario(io.cucumber.testng.PickleWrapper,io.cucumber.testng.FeatureWrapper)[pri:0, instance:com.runner.TestRunnerTestNG@44a7bfbc]" started-at="2025-11-12T23:47:24 IST" name="runScenario" description="Runs Cucumber Scenarios" data-provider="scenarios" finished-at="2025-11-12T23:47:32 IST" duration-ms="7966" status="FAIL">
          <params>
            <param index="0">
              <value>
                <![CDATA["Validate user can search PGs in different locations"]]>
              </value>
            </param>
            <param index="1">
              <value>
                <![CDATA["Validate PG navigation flow on MagicBricks"]]>
              </value>
            </param>
          </params>
          <exception class="java.lang.NullPointerException">
            <message>
              <![CDATA[Cannot invoke "java.util.Properties.getProperty(String)" because "props" is null]]>
            </message>
            <full-stacktrace>
              <![CDATA[java.lang.NullPointerException: Cannot invoke "java.util.Properties.getProperty(String)" because "props" is null
at com.parameters.PropertyReader.getProperty(PropertyReader.java:43)
at com.stepDefinitionTestNG.ProfileLoc.the_user_enters_pg_locality_from_sheet_and_row(ProfileLoc.java:33)
at ✽.the user enters PG locality from sheet 0 and row 2(file:///C:/Training/MagicBricksSprintImp/MagicBricks/src/test/resources/Features/Login.feature:24)
]]>
            </full-stacktrace>
          </exception> <!-- java.lang.NullPointerException -->
          <reporter-output>
          </reporter-output>
        </test-method> <!-- runScenario -->
        <test-method is-config="true" signature="tearDownClass()[pri:0, instance:com.runner.TestRunnerTestNG@44a7bfbc]" started-at="2025-11-12T23:47:32 IST" name="tearDownClass" finished-at="2025-11-12T23:47:32 IST" duration-ms="46" status="PASS">
          <reporter-output>
          </reporter-output>
        </test-method> <!-- tearDownClass -->
      </class> <!-- com.runner.TestRunnerTestNG -->
    </test> <!-- Default test -->
  </suite> <!-- Default suite -->
</testng-results>
