<?xml version="1.0" encoding="UTF-8"?>
<testng-results ignored="0" total="8" passed="8" failed="0" skipped="0">
  <reporter-output>
  </reporter-output>
  <suite started-at="2025-11-17T20:36:32 IST" name="Default suite" finished-at="2025-11-17T20:39:09 IST" duration-ms="157578">
    <groups>
      <group name="cucumber">
        <method signature="AbstractTestNGCucumberTests.runScenario(io.cucumber.testng.PickleWrapper,io.cucumber.testng.FeatureWrapper)[pri:0, instance:com.runner.TestRunnerTestNG@1649b0e6]" name="runScenario" class="io.cucumber.testng.AbstractTestNGCucumberTests"/>
      </group> <!-- cucumber -->
    </groups>
    <test started-at="2025-11-17T20:36:32 IST" name="Default test" finished-at="2025-11-17T20:39:09 IST" duration-ms="157578">
      <class name="com.runner.TestRunnerTestNG">
        <test-method is-config="true" signature="setUpClass(org.testng.ITestContext)[pri:0, instance:com.runner.TestRunnerTestNG@1649b0e6]" started-at="2025-11-17T20:36:32 IST" name="setUpClass" finished-at="2025-11-17T20:36:33 IST" duration-ms="1105" status="PASS">
          <params>
            <param index="0">
              <value>
                <![CDATA[org.testng.TestRunner@4e9ea32f]]>
              </value>
            </param>
          </params>
          <reporter-output>
          </reporter-output>
        </test-method> <!-- setUpClass -->
        <test-method signature="runScenario(io.cucumber.testng.PickleWrapper,io.cucumber.testng.FeatureWrapper)[pri:0, instance:com.runner.TestRunnerTestNG@1649b0e6]" started-at="2025-11-17T20:36:33 IST" name="runScenario" description="Runs Cucumber Scenarios" data-provider="scenarios" finished-at="2025-11-17T20:36:48 IST" duration-ms="14766" status="PASS">
          <params>
            <param index="0">
              <value>
                <![CDATA["Verify that homepage loads successfully"]]>
              </value>
            </param>
            <param index="1">
              <value>
                <![CDATA["Home page load verification"]]>
              </value>
            </param>
          </params>
          <reporter-output>
          </reporter-output>
        </test-method> <!-- runScenario -->
        <test-method signature="runScenario(io.cucumber.testng.PickleWrapper,io.cucumber.testng.FeatureWrapper)[pri:0, instance:com.runner.TestRunnerTestNG@1649b0e6]" started-at="2025-11-17T20:36:48 IST" name="runScenario" description="Runs Cucumber Scenarios" data-provider="scenarios" finished-at="2025-11-17T20:37:04 IST" duration-ms="16512" status="PASS">
          <params>
            <param index="0">
              <value>
                <![CDATA["Navigate to East Facing Plot"]]>
              </value>
            </param>
            <param index="1">
              <value>
                <![CDATA["Home page load verification"]]>
              </value>
            </param>
          </params>
          <reporter-output>
          </reporter-output>
        </test-method> <!-- runScenario -->
        <test-method signature="runScenario(io.cucumber.testng.PickleWrapper,io.cucumber.testng.FeatureWrapper)[pri:0, instance:com.runner.TestRunnerTestNG@1649b0e6]" started-at="2025-11-17T20:37:04 IST" name="runScenario" description="Runs Cucumber Scenarios" data-provider="scenarios" finished-at="2025-11-17T20:37:19 IST" duration-ms="14740" status="PASS">
          <params>
            <param index="0">
              <value>
                <![CDATA["Navigate to See Plots from Investment Corridor"]]>
              </value>
            </param>
            <param index="1">
              <value>
                <![CDATA["Home page load verification"]]>
              </value>
            </param>
          </params>
          <reporter-output>
          </reporter-output>
        </test-method> <!-- runScenario -->
        <test-method signature="runScenario(io.cucumber.testng.PickleWrapper,io.cucumber.testng.FeatureWrapper)[pri:0, instance:com.runner.TestRunnerTestNG@1649b0e6]" started-at="2025-11-17T20:37:19 IST" name="runScenario" description="Runs Cucumber Scenarios" data-provider="scenarios" finished-at="2025-11-17T20:37:53 IST" duration-ms="33758" status="PASS">
          <params>
            <param index="0">
              <value>
                <![CDATA["Select city from the Excel Sheet"]]>
              </value>
            </param>
            <param index="1">
              <value>
                <![CDATA["Home page load verification"]]>
              </value>
            </param>
          </params>
          <reporter-output>
          </reporter-output>
        </test-method> <!-- runScenario -->
        <test-method signature="runScenario(io.cucumber.testng.PickleWrapper,io.cucumber.testng.FeatureWrapper)[pri:0, instance:com.runner.TestRunnerTestNG@1649b0e6]" started-at="2025-11-17T20:37:53 IST" name="runScenario" description="Runs Cucumber Scenarios" data-provider="scenarios" finished-at="2025-11-17T20:38:23 IST" duration-ms="30364" status="PASS">
          <params>
            <param index="0">
              <value>
                <![CDATA["Select city from the Excel Sheet"]]>
              </value>
            </param>
            <param index="1">
              <value>
                <![CDATA["Home page load verification"]]>
              </value>
            </param>
          </params>
          <reporter-output>
          </reporter-output>
        </test-method> <!-- runScenario -->
        <test-method signature="runScenario(io.cucumber.testng.PickleWrapper,io.cucumber.testng.FeatureWrapper)[pri:0, instance:com.runner.TestRunnerTestNG@1649b0e6]" started-at="2025-11-17T20:38:23 IST" name="runScenario" description="Runs Cucumber Scenarios" data-provider="scenarios" finished-at="2025-11-17T20:38:39 IST" duration-ms="15635" status="PASS">
          <params>
            <param index="0">
              <value>
                <![CDATA["Validate budget functionality in plot"]]>
              </value>
            </param>
            <param index="1">
              <value>
                <![CDATA["Home page load verification"]]>
              </value>
            </param>
          </params>
          <reporter-output>
          </reporter-output>
        </test-method> <!-- runScenario -->
        <test-method signature="runScenario(io.cucumber.testng.PickleWrapper,io.cucumber.testng.FeatureWrapper)[pri:0, instance:com.runner.TestRunnerTestNG@1649b0e6]" started-at="2025-11-17T20:38:39 IST" name="runScenario" description="Runs Cucumber Scenarios" data-provider="scenarios" finished-at="2025-11-17T20:38:55 IST" duration-ms="15727" status="PASS">
          <params>
            <param index="0">
              <value>
                <![CDATA["Validate budget functionality in plot"]]>
              </value>
            </param>
            <param index="1">
              <value>
                <![CDATA["Home page load verification"]]>
              </value>
            </param>
          </params>
          <reporter-output>
          </reporter-output>
        </test-method> <!-- runScenario -->
        <test-method signature="runScenario(io.cucumber.testng.PickleWrapper,io.cucumber.testng.FeatureWrapper)[pri:0, instance:com.runner.TestRunnerTestNG@1649b0e6]" started-at="2025-11-17T20:38:55 IST" name="runScenario" description="Runs Cucumber Scenarios" data-provider="scenarios" finished-at="2025-11-17T20:39:09 IST" duration-ms="14741" status="PASS">
          <params>
            <param index="0">
              <value>
                <![CDATA["Validating with invalid city name"]]>
              </value>
            </param>
            <param index="1">
              <value>
                <![CDATA["Home page load verification"]]>
              </value>
            </param>
          </params>
          <reporter-output>
          </reporter-output>
        </test-method> <!-- runScenario -->
        <test-method is-config="true" signature="tearDownClass()[pri:0, instance:com.runner.TestRunnerTestNG@1649b0e6]" started-at="2025-11-17T20:39:09 IST" name="tearDownClass" finished-at="2025-11-17T20:39:09 IST" duration-ms="155" status="PASS">
          <reporter-output>
          </reporter-output>
        </test-method> <!-- tearDownClass -->
      </class> <!-- com.runner.TestRunnerTestNG -->
    </test> <!-- Default test -->
  </suite> <!-- Default suite -->
</testng-results>
